1484319116971	geckodriver	INFO	Listening on 127.0.0.1:60834
1484319117971	mozprofile::profile	INFO	Using profile path /tmp/rust_mozprofile.HjkIlXunqB4i
1484319117973	geckodriver::marionette	INFO	Starting browser /usr/bin/firefox
1484319118000	geckodriver::marionette	INFO	Connecting to Marionette on localhost:39268
1484319118993	Marionette	INFO	Listening on port 39268
1484338898770	geckodriver	INFO	Listening on 127.0.0.1:60380
1484338899771	mozprofile::profile	INFO	Using profile path /tmp/rust_mozprofile.Ion8ksMtKtZn
1484338899773	geckodriver::marionette	INFO	Starting browser /usr/bin/firefox
1484338899782	geckodriver::marionette	INFO	Connecting to Marionette on localhost:45672
1484338900647	Marionette	INFO	Listening on port 45672
1484338975798	geckodriver	INFO	Listening on 127.0.0.1:52478
1484338976798	mozprofile::profile	INFO	Using profile path /tmp/rust_mozprofile.BUBhVoAG8vCc
1484338976801	geckodriver::marionette	INFO	Starting browser /usr/bin/firefox
1484338976810	geckodriver::marionette	INFO	Connecting to Marionette on localhost:37241
1484338977716	Marionette	INFO	Listening on port 37241
*************************
A coding exception was thrown and uncaught in a Task.

Full message: TypeError: NetworkError when attempting to fetch resource.
Full stack: 
*************************
*************************
A coding exception was thrown and uncaught in a Task.

Full message: TypeError: NetworkError when attempting to fetch resource.
Full stack: 
*************************
*************************
A coding exception was thrown and uncaught in a Task.

Full message: TypeError: NetworkError when attempting to fetch resource.
Full stack: 
*************************
Vector smash protection is enabled.
JavaScript error: http://essenceit.com/sitenovo/wp-content/themes/aeolus/js/jquery.theme.functions.js?ver=3.5.1, line 51: TypeError: jQuery(...).selectbox is not a function
JavaScript error: http://essenceit.com/sitenovo/wp-content/themes/aeolus/js/jquery.theme.functions.js?ver=3.5.1, line 51: TypeError: jQuery(...).selectbox is not a function
JavaScript warning: https://essence.peoplenect.com/ats/view/js/jquery.js, line 19: unreachable code after return statement
JavaScript error: https://essence.peoplenect.com/ats/external_applicant/?page=view_all_jobs, line 23: SyntaxError: missing } after try block
JavaScript error: https://essence.peoplenect.com/ats/external_applicant/?page=view_all_jobs, line 25: SyntaxError: expected expression, got '}'
JavaScript warning: https://essence.peoplenect.com/ats/view/js/jquery.js, line 19: unreachable code after return statement
JavaScript error: https://essence.peoplenect.com/ats/external_applicant/?page=view_jobs_details&job_id=1666&pageno=1, line 40: SyntaxError: missing } after try block
JavaScript error: https://essence.peoplenect.com/ats/external_applicant/?page=view_jobs_details&job_id=1666&pageno=1, line 42: SyntaxError: expected expression, got '}'
JavaScript error: https://essence.peoplenect.com/ats/external_applicant/?page=view_jobs_details&job_id=1666&pageno=1, line 1230: ReferenceError: google is not defined
JavaScript warning: https://essence.peoplenect.com/ats/view/js/jquery.js, line 19: unreachable code after return statement
JavaScript error: https://essence.peoplenect.com/ats/external_applicant/?page=login&back_url=resume_submit&job_id=1666&ref_id=54, line 23: SyntaxError: missing } after try block
JavaScript error: https://essence.peoplenect.com/ats/external_applicant/?page=login&back_url=resume_submit&job_id=1666&ref_id=54, line 25: SyntaxError: expected expression, got '}'
JavaScript warning: https://essence.peoplenect.com/ats/view/js/jquery.js, line 19: unreachable code after return statement
JavaScript error: https://essence.peoplenect.com/ats/external_applicant/?page=resume_submit&job_id=1666&msg=4, line 23: SyntaxError: missing } after try block
JavaScript error: https://essence.peoplenect.com/ats/external_applicant/?page=resume_submit&job_id=1666&msg=4, line 25: SyntaxError: expected expression, got '}'
JavaScript warning: https://essence.peoplenect.com/ats/view/js/jquery.js, line 19: unreachable code after return statement
JavaScript error: https://essence.peoplenect.com/ats/external_applicant/?page=view_profile, line 23: SyntaxError: missing } after try block
JavaScript error: https://essence.peoplenect.com/ats/external_applicant/?page=view_profile, line 25: SyntaxError: expected expression, got '}'
Vector smash protection is enabled.

(firefox:11609): Gtk-CRITICAL **: gtk_clipboard_set_with_data: assertion 'targets != NULL' failed
JavaScript warning: https://essence.peoplenect.com/ats/view/js/jquery.js, line 19: unreachable code after return statement
JavaScript error: https://essence.peoplenect.com/ats/external_applicant/?page=create_profile&back, line 23: SyntaxError: missing } after try block
JavaScript error: https://essence.peoplenect.com/ats/external_applicant/?page=create_profile&back, line 25: SyntaxError: expected expression, got '}'
JavaScript warning: https://essence.peoplenect.com/ats/view/js/jquery.js, line 19: unreachable code after return statement
JavaScript error: https://essence.peoplenect.com/ats/external_applicant/?page=view_profile, line 23: SyntaxError: missing } after try block
JavaScript error: https://essence.peoplenect.com/ats/external_applicant/?page=view_profile, line 25: SyntaxError: expected expression, got '}'
JavaScript warning: https://essence.peoplenect.com/ats/view/js/jquery.js, line 19: unreachable code after return statement
JavaScript error: https://essence.peoplenect.com/ats/external_applicant/?page=create_profile, line 23: SyntaxError: missing } after try block
JavaScript error: https://essence.peoplenect.com/ats/external_applicant/?page=create_profile, line 25: SyntaxError: expected expression, got '}'
JavaScript warning: https://essence.peoplenect.com/ats/view/js/jquery.js, line 19: unreachable code after return statement
JavaScript error: https://essence.peoplenect.com/ats/external_applicant/?page=resume_attachments, line 23: SyntaxError: missing } after try block
JavaScript error: https://essence.peoplenect.com/ats/external_applicant/?page=resume_attachments, line 25: SyntaxError: expected expression, got '}'
JavaScript warning: https://essence.peoplenect.com/ats/view/js/jquery.js, line 19: unreachable code after return statement
JavaScript error: https://essence.peoplenect.com/ats/external_applicant/?page=resume_attachments&pageno=&msg=1, line 23: SyntaxError: missing } after try block
JavaScript error: https://essence.peoplenect.com/ats/external_applicant/?page=resume_attachments&pageno=&msg=1, line 25: SyntaxError: expected expression, got '}'
JavaScript warning: https://essence.peoplenect.com/ats/view/js/jquery.js, line 19: unreachable code after return statement
JavaScript error: https://essence.peoplenect.com/ats/external_applicant/?page=resume_attachments&pageno=&msg=1, line 23: SyntaxError: missing } after try block
JavaScript error: https://essence.peoplenect.com/ats/external_applicant/?page=resume_attachments&pageno=&msg=1, line 25: SyntaxError: expected expression, got '}'
JavaScript warning: https://essence.peoplenect.com/ats/view/js/jquery.js, line 19: unreachable code after return statement
JavaScript error: https://essence.peoplenect.com/ats/external_applicant/?page=create_profile, line 23: SyntaxError: missing } after try block
JavaScript error: https://essence.peoplenect.com/ats/external_applicant/?page=create_profile, line 25: SyntaxError: expected expression, got '}'
JavaScript warning: https://essence.peoplenect.com/ats/view/js/jquery.js, line 19: unreachable code after return statement
JavaScript error: https://essence.peoplenect.com/ats/external_applicant/?page=view_profile, line 23: SyntaxError: missing } after try block
JavaScript error: https://essence.peoplenect.com/ats/external_applicant/?page=view_profile, line 25: SyntaxError: expected expression, got '}'

###!!! [Child][MessageChannel] Error: (msgtype=0x4A011A,name=PContent::Msg_AsyncMessage) Channel closing: too late to send/recv, messages will be lost

JavaScript error: chrome://global/content/process-content.js, line 51: NS_ERROR_UNEXPECTED: Component returned failure code: 0x8000ffff (NS_ERROR_UNEXPECTED) [nsIMessageSender.sendAsyncMessage]

###!!! [Child][MessageChannel] Error: (msgtype=0x4A011A,name=PContent::Msg_AsyncMessage) Channel closing: too late to send/recv, messages will be lost

JavaScript error: chrome://global/content/process-content.js, line 51: NS_ERROR_UNEXPECTED: Component returned failure code: 0x8000ffff (NS_ERROR_UNEXPECTED) [nsIMessageSender.sendAsyncMessage]

###!!! [Child][MessageChannel] Error: (msgtype=0x4A011A,name=PContent::Msg_AsyncMessage) Channel closing: too late to send/recv, messages will be lost

JavaScript error: chrome://global/content/process-content.js, line 51: NS_ERROR_UNEXPECTED: Component returned failure code: 0x8000ffff (NS_ERROR_UNEXPECTED) [nsIMessageSender.sendAsyncMessage]

###!!! [Child][MessageChannel] Error: (msgtype=0x4A011A,name=PContent::Msg_AsyncMessage) Channel closing: too late to send/recv, messages will be lost

JavaScript error: chrome://global/content/process-content.js, line 51: NS_ERROR_UNEXPECTED: Component returned failure code: 0x8000ffff (NS_ERROR_UNEXPECTED) [nsIMessageSender.sendAsyncMessage]

###!!! [Child][MessageChannel] Error: (msgtype=0x4A011A,name=PContent::Msg_AsyncMessage) Channel closing: too late to send/recv, messages will be lost

JavaScript error: chrome://global/content/process-content.js, line 51: NS_ERROR_UNEXPECTED: Component returned failure code: 0x8000ffff (NS_ERROR_UNEXPECTED) [nsIMessageSender.sendAsyncMessage]

###!!! [Child][MessageChannel] Error: (msgtype=0x4A011A,name=PContent::Msg_AsyncMessage) Channel closing: too late to send/recv, messages will be lost

JavaScript error: chrome://global/content/process-content.js, line 51: NS_ERROR_UNEXPECTED: Component returned failure code: 0x8000ffff (NS_ERROR_UNEXPECTED) [nsIMessageSender.sendAsyncMessage]

###!!! [Child][MessageChannel] Error: (msgtype=0x4A011A,name=PContent::Msg_AsyncMessage) Channel closing: too late to send/recv, messages will be lost

JavaScript error: chrome://global/content/process-content.js, line 51: NS_ERROR_UNEXPECTED: Component returned failure code: 0x8000ffff (NS_ERROR_UNEXPECTED) [nsIMessageSender.sendAsyncMessage]

###!!! [Child][MessageChannel] Error: (msgtype=0x4A011A,name=PContent::Msg_AsyncMessage) Channel closing: too late to send/recv, messages will be lost

JavaScript error: chrome://global/content/process-content.js, line 51: NS_ERROR_UNEXPECTED: Component returned failure code: 0x8000ffff (NS_ERROR_UNEXPECTED) [nsIMessageSender.sendAsyncMessage]

###!!! [Child][MessageChannel] Error: (msgtype=0x4A011A,name=PContent::Msg_AsyncMessage) Channel closing: too late to send/recv, messages will be lost

JavaScript error: chrome://global/content/process-content.js, line 51: NS_ERROR_UNEXPECTED: Component returned failure code: 0x8000ffff (NS_ERROR_UNEXPECTED) [nsIMessageSender.sendAsyncMessage]

###!!! [Child][MessageChannel] Error: (msgtype=0x4A011A,name=PContent::Msg_AsyncMessage) Channel closing: too late to send/recv, messages will be lost

JavaScript error: chrome://global/content/process-content.js, line 51: NS_ERROR_UNEXPECTED: Component returned failure code: 0x8000ffff (NS_ERROR_UNEXPECTED) [nsIMessageSender.sendAsyncMessage]

###!!! [Child][MessageChannel] Error: (msgtype=0x4A011A,name=PContent::Msg_AsyncMessage) Channel closing: too late to send/recv, messages will be lost

JavaScript error: chrome://global/content/process-content.js, line 51: NS_ERROR_UNEXPECTED: Component returned failure code: 0x8000ffff (NS_ERROR_UNEXPECTED) [nsIMessageSender.sendAsyncMessage]

###!!! [Child][MessageChannel] Error: (msgtype=0x4A011A,name=PContent::Msg_AsyncMessage) Channel closing: too late to send/recv, messages will be lost

JavaScript error: chrome://global/content/process-content.js, line 51: NS_ERROR_UNEXPECTED: Component returned failure code: 0x8000ffff (NS_ERROR_UNEXPECTED) [nsIMessageSender.sendAsyncMessage]

###!!! [Child][MessageChannel] Error: (msgtype=0x2E0045,name=PBrowser::Msg___delete__) Channel closing: too late to send/recv, messages will be lost


###!!! [Child][OnMaybeDequeueOne] Error: Channel closing: too late to send/recv, messages will be lost


###!!! [Child][OnMaybeDequeueOne] Error: Channel closing: too late to send/recv, messages will be lost


###!!! [Child][OnMaybeDequeueOne] Error: Channel closing: too late to send/recv, messages will be lost


###!!! [Child][MessageChannel] Error: (msgtype=0x4A00C2,name=PContent::Msg_ConsoleMessage) Channel closing: too late to send/recv, messages will be lost


###!!! [Child][MessageChannel] Error: (msgtype=0x240001,name=PBlob::Msg___delete__) Closed channel: cannot send/recv


###!!! [Child][MessageChannel] Error: (msgtype=0x240001,name=PBlob::Msg___delete__) Closed channel: cannot send/recv


###!!! [Child][MessageChannel] Error: (msgtype=0x240001,name=PBlob::Msg___delete__) Closed channel: cannot send/recv


###!!! [Child][MessageChannel] Error: (msgtype=0x240001,name=PBlob::Msg___delete__) Closed channel: cannot send/recv


###!!! [Child][MessageChannel] Error: (msgtype=0x240001,name=PBlob::Msg___delete__) Closed channel: cannot send/recv


###!!! [Child][MessageChannel] Error: (msgtype=0x240001,name=PBlob::Msg___delete__) Closed channel: cannot send/recv


###!!! [Child][MessageChannel] Error: (msgtype=0x240001,name=PBlob::Msg___delete__) Closed channel: cannot send/recv


###!!! [Child][MessageChannel] Error: (msgtype=0x240001,name=PBlob::Msg___delete__) Closed channel: cannot send/recv


###!!! [Child][MessageChannel] Error: (msgtype=0x240001,name=PBlob::Msg___delete__) Closed channel: cannot send/recv


###!!! [Child][MessageChannel] Error: (msgtype=0x240001,name=PBlob::Msg___delete__) Closed channel: cannot send/recv


###!!! [Child][MessageChannel] Error: (msgtype=0x240001,name=PBlob::Msg___delete__) Closed channel: cannot send/recv


###!!! [Child][MessageChannel] Error: (msgtype=0x240001,name=PBlob::Msg___delete__) Closed channel: cannot send/recv


###!!! [Child][MessageChannel] Error: (msgtype=0x240001,name=PBlob::Msg___delete__) Closed channel: cannot send/recv


###!!! [Child][MessageChannel] Error: (msgtype=0x240001,name=PBlob::Msg___delete__) Closed channel: cannot send/recv


###!!! [Child][MessageChannel] Error: (msgtype=0x240001,name=PBlob::Msg___delete__) Closed channel: cannot send/recv


###!!! [Child][MessageChannel] Error: (msgtype=0x240001,name=PBlob::Msg___delete__) Closed channel: cannot send/recv

